<?xml version="1.0" encoding="UTF-8"?>
<!-- Generated by org.testng.reporters.JUnitXMLReporter -->
<testsuite hostname="DESKTOP-30ONHOD" ignored="0" name="lonin" tests="6" failures="1" timestamp="28 八月 2019 02:35:34 GMT" time="48.293" errors="0">
  <testcase name="selectZhaoBiao" time="1.121" classname="com.qlmYFB.autotest.testCase.DYManageX">
    <failure type="org.openqa.selenium.WebDriverException" message="unknown error: Element &amp;lt;svg data-v-6ae0c758=&amp;quot;&amp;quot; aria-hidden=&amp;quot;true&amp;quot; class=&amp;quot;icon&amp;quot;&amp;gt;...&amp;lt;/svg&amp;gt; is not clickable at point (89, 56). Other element would receive the click: &amp;lt;div data-v-4192da2b=&amp;quot;&amp;quot; data-v-92c4caa6=&amp;quot;&amp;quot; class=&amp;quot;activity-trailer-wrap&amp;quot;&amp;gt;...&amp;lt;/div&amp;gt;
  (Session info: chrome=76.0.3809.100)
  (Driver info: chromedriver=2.41.578737 (49da6702b16031c40d63e5618de03a32ff6c197e),platform=Windows NT 10.0.17763 x86_64) (WARNING: The server did not provide any stacktrace information)
Command duration or timeout: 0 milliseconds
Build info: version: &amp;apos;3.7.1&amp;apos;, revision: &amp;apos;8a0099a&amp;apos;, time: &amp;apos;2017-11-06T21:01:39.354Z&amp;apos;
System info: host: &amp;apos;DESKTOP-30ONHOD&amp;apos;, ip: &amp;apos;169.254.230.159&amp;apos;, os.name: &amp;apos;Windows 10&amp;apos;, os.arch: &amp;apos;amd64&amp;apos;, os.version: &amp;apos;10.0&amp;apos;, java.version: &amp;apos;1.8.0_161&amp;apos;
Driver info: org.openqa.selenium.chrome.ChromeDriver
Capabilities {acceptInsecureCerts: false, acceptSslCerts: false, applicationCacheEnabled: false, browserConnectionEnabled: false, browserName: chrome, chrome: {chromedriverVersion: 2.41.578737 (49da6702b16031..., userDataDir: C:\Users\pc\AppData\Local\T...}, cssSelectorsEnabled: true, databaseEnabled: false, goog:chromeOptions: {debuggerAddress: localhost:50918}, handlesAlerts: true, hasTouchScreen: false, javascriptEnabled: true, locationContextEnabled: true, mobileEmulationEnabled: false, nativeEvents: true, networkConnectionEnabled: false, pageLoadStrategy: normal, platform: XP, platformName: XP, rotatable: false, setWindowRect: true, takesHeapSnapshot: true, takesScreenshot: true, unexpectedAlertBehaviour: , unhandledPromptBehavior: , version: 76.0.3809.100, webStorageEnabled: true}
Session ID: c50c70d1df164ac19f8980914bfe89df">
      <![CDATA[org.openqa.selenium.WebDriverException: unknown error: Element <svg data-v-6ae0c758="" aria-hidden="true" class="icon">...</svg> is not clickable at point (89, 56). Other element would receive the click: <div data-v-4192da2b="" data-v-92c4caa6="" class="activity-trailer-wrap">...</div>  (Session info: chrome=76.0.3809.100)  (Driver info: chromedriver=2.41.578737 (49da6702b16031c40d63e5618de03a32ff6c197e),platform=Windows NT 10.0.17763 x86_64) (WARNING: The server did not provide any stacktrace information)Command duration or timeout: 0 millisecondsBuild info: version: '3.7.1', revision: '8a0099a', time: '2017-11-06T21:01:39.354Z'System info: host: 'DESKTOP-30ONHOD', ip: '169.254.230.159', os.name: 'Windows 10', os.arch: 'amd64', os.version: '10.0', java.version: '1.8.0_161'Driver info: org.openqa.selenium.chrome.ChromeDriverCapabilities {acceptInsecureCerts: false, acceptSslCerts: false, applicationCacheEnabled: false, browserConnectionEnabled: false, browserName: chrome, chrome: {chromedriverVersion: 2.41.578737 (49da6702b16031..., userDataDir: C:\Users\pc\AppData\Local\T...}, cssSelectorsEnabled: true, databaseEnabled: false, goog:chromeOptions: {debuggerAddress: localhost:50918}, handlesAlerts: true, hasTouchScreen: false, javascriptEnabled: true, locationContextEnabled: true, mobileEmulationEnabled: false, nativeEvents: true, networkConnectionEnabled: false, pageLoadStrategy: normal, platform: XP, platformName: XP, rotatable: false, setWindowRect: true, takesHeapSnapshot: true, takesScreenshot: true, unexpectedAlertBehaviour: , unhandledPromptBehavior: , version: 76.0.3809.100, webStorageEnabled: true}Session ID: c50c70d1df164ac19f8980914bfe89dfat org.openqa.selenium.remote.ErrorHandler.createThrowable(ErrorHandler.java:214)at org.openqa.selenium.remote.ErrorHandler.throwIfResponseFailed(ErrorHandler.java:166)at org.openqa.selenium.remote.http.JsonHttpResponseCodec.reconstructValue(JsonHttpResponseCodec.java:40)at org.openqa.selenium.remote.http.AbstractHttpResponseCodec.decode(AbstractHttpResponseCodec.java:80)at org.openqa.selenium.remote.http.AbstractHttpResponseCodec.decode(AbstractHttpResponseCodec.java:44)at org.openqa.selenium.remote.HttpCommandExecutor.execute(HttpCommandExecutor.java:164)at org.openqa.selenium.remote.service.DriverCommandExecutor.execute(DriverCommandExecutor.java:83)at org.openqa.selenium.remote.RemoteWebDriver.execute(RemoteWebDriver.java:600)at org.openqa.selenium.remote.RemoteWebElement.execute(RemoteWebElement.java:279)at org.openqa.selenium.remote.RemoteWebElement.click(RemoteWebElement.java:83)at com.qlmYFB.autotest.testCase.DYManageX.selectZhaoBiao(DYManageX.java:39)... Removed 28 stack frames]]>
    </failure>
  </testcase> <!-- selectZhaoBiao -->
  <testcase name="orderZhaoBiao" time="5.881" classname="com.qlmYFB.autotest.testCase.DYManageX"/>
  <testcase name="selectProject" time="12.36" classname="com.qlmYFB.autotest.testCase.DYManageX"/>
  <testcase name="orderProject" time="13.655" classname="com.qlmYFB.autotest.testCase.DYManageX"/>
  <testcase name="selectZhongBiao" time="8.507" classname="com.qlmYFB.autotest.testCase.DYManageX"/>
  <testcase name="orderZhongBiao" time="6.757" classname="com.qlmYFB.autotest.testCase.DYManageX"/>
</testsuite> <!-- lonin -->
